2023-11-23 07:40:53.906587362[36m [INFO] [0mStarting Server on port 8008
2023-11-23 07:41:38.494823886[36m [INFO] [0m[32m/var/www/go-order-items/models/user.go:46
[0m[33m[3.596ms] [34;1m[rows:1][0m SELECT * FROM `users` WHERE email = 'noh@frontiir.net' ORDER BY `users`.`id` LIMIT 1
2023-11-23 07:41:56.898087322[36m [INFO] [0m[32m/var/www/go-order-items/models/Item.go:44
[0m[33m[0.797ms] [34;1m[rows:1][0m SELECT * FROM `items` WHERE `items`.`category_id` = 3
2023-11-23 07:41:56.898206312[36m [INFO] [0m[32m/var/www/go-order-items/models/Item.go:44
[0m[33m[2.027ms] [34;1m[rows:1][0m SELECT * FROM `item_categories` WHERE `item_categories`.`id` = 3 ORDER BY `item_categories`.`id` LIMIT 1
2023-11-23 07:42:25.404343094[36m [INFO] [0mStarting Server on port 8008
2023-11-23 07:42:27.440341621[36m [INFO] [0m[32m/var/www/go-order-items/models/Item.go:44
[0m[33m[0.583ms] [34;1m[rows:1][0m SELECT * FROM `items` WHERE `items`.`category_id` = 3
2023-11-23 07:42:27.440433819[36m [INFO] [0m[32m/var/www/go-order-items/models/Item.go:44
[0m[33m[1.649ms] [34;1m[rows:1][0m SELECT * FROM `item_categories` WHERE `item_categories`.`id` = 3 ORDER BY `item_categories`.`id` LIMIT 1
2023-11-23 07:43:15.259846054[36m [INFO] [0m[32m/var/www/go-order-items/models/user.go:54
[0m[33m[0.592ms] [34;1m[rows:1][0m SELECT * FROM `users` WHERE id = 1 ORDER BY `users`.`id` LIMIT 1
2023-11-23 07:43:15.261234421[36m [INFO] [0m[32m/var/www/go-order-items/models/category.go:60
[0m[33m[0.853ms] [34;1m[rows:1][0m SELECT * FROM `item_categories` WHERE id = 3 ORDER BY `item_categories`.`id` LIMIT 1
2023-11-23 07:43:15.264451975[36m [INFO] [0m[32m/var/www/go-order-items/models/Item.go:36
[0m[33m[3.126ms] [34;1m[rows:1][0m INSERT INTO `items` (`name`,`price`,`quantity`,`category_id`,`created_at`,`updated_at`) VALUES ('iphone 6 plus',10000,10,3,'2023-11-23 07:43:15.261','2023-11-23 07:43:15.261')
2023-11-23 07:43:17.520032239[36m [INFO] [0m[32m/var/www/go-order-items/models/Item.go:44
[0m[33m[0.532ms] [34;1m[rows:2][0m SELECT * FROM `items` WHERE `items`.`category_id` = 3
2023-11-23 07:43:17.520124679[36m [INFO] [0m[32m/var/www/go-order-items/models/Item.go:44
[0m[33m[1.292ms] [34;1m[rows:1][0m SELECT * FROM `item_categories` WHERE `item_categories`.`id` = 3 ORDER BY `item_categories`.`id` LIMIT 1
2023-11-23 07:47:07.158982839[36m [INFO] [0m[32m/var/www/go-order-items/models/Item.go:44
[0m[33m[0.804ms] [34;1m[rows:0][0m SELECT * FROM `items` WHERE `items`.`category_id` = 4
2023-11-23 07:47:07.159145484[36m [INFO] [0m[32m/var/www/go-order-items/models/Item.go:44
[0m[33m[2.079ms] [34;1m[rows:1][0m SELECT * FROM `item_categories` WHERE `item_categories`.`id` = 4 ORDER BY `item_categories`.`id` LIMIT 1
2023-11-23 07:47:17.302647714[36m [INFO] [0m[31;1m/var/www/go-order-items/models/Item.go:44 [35;1mrecord not found
[0m[33m[1.398ms] [34;1m[rows:0][0m SELECT * FROM `item_categories` WHERE `item_categories`.`id` = 1 ORDER BY `item_categories`.`id` LIMIT 1
2023-11-23 07:47:29.889347040[36m [INFO] [0mStarting Server on port 8008
2023-11-23 07:47:30.317377880[36m [INFO] [0m[31;1m/var/www/go-order-items/models/Item.go:44 [35;1mrecord not found
[0m[33m[1.069ms] [34;1m[rows:0][0m SELECT * FROM `item_categories` WHERE `item_categories`.`id` = 1 ORDER BY `item_categories`.`id` LIMIT 1
2023-11-23 08:02:35.948836680[36m [INFO] [0m[32m/var/www/go-order-items/models/Item.go:44
[0m[33m[0.564ms] [34;1m[rows:2][0m SELECT * FROM `items` WHERE `items`.`category_id` = 3
2023-11-23 08:02:35.948913043[36m [INFO] [0m[32m/var/www/go-order-items/models/Item.go:44
[0m[33m[1.356ms] [34;1m[rows:1][0m SELECT * FROM `item_categories` WHERE `item_categories`.`id` = 3 ORDER BY `item_categories`.`id` LIMIT 1
2023-11-23 08:03:45.909449033[36m [INFO] [0m[32m/var/www/go-order-items/models/user.go:54
[0m[33m[0.703ms] [34;1m[rows:1][0m SELECT * FROM `users` WHERE id = 1 ORDER BY `users`.`id` LIMIT 1
2023-11-23 08:06:48.842409304[36m [INFO] [0m[32m/var/www/go-order-items/models/user.go:54
[0m[33m[0.659ms] [34;1m[rows:1][0m SELECT * FROM `users` WHERE id = 1 ORDER BY `users`.`id` LIMIT 1
2023-11-23 08:06:48.843676583[36m [INFO] [0m[31;1m/var/www/go-order-items/models/category.go:60 [35;1mrecord not found
[0m[33m[0.992ms] [34;1m[rows:0][0m SELECT * FROM `item_categories` WHERE id = 2 ORDER BY `item_categories`.`id` LIMIT 1
2023-11-23 08:06:59.811108557[36m [INFO] [0m[32m/var/www/go-order-items/models/user.go:54
[0m[33m[0.563ms] [34;1m[rows:1][0m SELECT * FROM `users` WHERE id = 1 ORDER BY `users`.`id` LIMIT 1
2023-11-23 08:06:59.811720742[36m [INFO] [0m[32m/var/www/go-order-items/models/category.go:60
[0m[33m[0.456ms] [34;1m[rows:1][0m SELECT * FROM `item_categories` WHERE id = 3 ORDER BY `item_categories`.`id` LIMIT 1
2023-11-23 08:06:59.813707723[36m [INFO] [0m[32m/var/www/go-order-items/models/Item.go:36
[0m[33m[1.828ms] [34;1m[rows:1][0m INSERT INTO `items` (`name`,`price`,`quantity`,`category_id`,`created_at`,`updated_at`) VALUES ('iphone x',10000,10,3,'2023-11-23 08:06:59.812','2023-11-23 08:06:59.812')
2023-11-23 08:23:10.864985396[36m [INFO] [0mStarting Server on port 8008
2023-11-23 08:26:30.731338843[36m [INFO] [0mStarting Server on port 8008
2023-11-23 08:26:30.784014328[36m [INFO] [0mStarting Server on port 8008
2023-11-23 08:26:30.784225180[31m [FATA] [0mlisten tcp :8008: bind: address already in use
2023-11-23 08:27:05.986824695[36m [INFO] [0mStarting Server on port 8008
2023-11-23 08:27:05.988995419[36m [INFO] [0mStarting Server on port 8008
2023-11-23 08:27:05.989226046[31m [FATA] [0mlisten tcp :8008: bind: address already in use
2023-11-23 08:28:21.746832516[36m [INFO] [0mStarting Server on port 8008
2023-11-23 09:05:56.338751312[36m [INFO] [0mStarting Server on port 8008
2023-11-23 09:06:11.953331770[36m [INFO] [0mStarting Server on port 8008
2023-11-23 09:06:11.971140104[36m [INFO] [0mStarting Server on port 8008
2023-11-23 09:06:11.971365624[31m [FATA] [0mlisten tcp :8008: bind: address already in use
2023-11-23 09:08:07.007862284[36m [INFO] [0mStarting Server on port 8008
2023-11-23 09:08:56.375302238[36m [INFO] [0mStarting Server on port 8008
2023-11-23 09:19:57.206019280[36m [INFO] [0mStarting Server on port 8008
2023-11-23 09:21:03.607083753[36m [INFO] [0mStarting Server on port 8008
2023-11-23 09:22:35.107536526[36m [INFO] [0m[32m/var/www/go-order-items/models/user.go:54
[0m[33m[0.809ms] [34;1m[rows:1][0m SELECT * FROM `users` WHERE id = 1 ORDER BY `users`.`id` LIMIT 1
2023-11-23 09:22:35.111873494[36m [INFO] [0m[32m/var/www/go-order-items/models/order.go:37
[0m[33m[4.094ms] [34;1m[rows:1][0m INSERT INTO `orders` (`invoice_id`,`user_id`,`item_id`,`quantity`,`delivery_status`,`created_at`,`Updated_at`) VALUES ('d64cea7f-89e1-11ee-9656-0242c0010006',1,1,10,0,'2023-11-23 09:22:35.108','2023-11-23 09:22:35.108')
2023-11-23 10:15:32.609541254[36m [INFO] [0mStarting Server on port 8008
2023-11-23 10:34:15.492603525[36m [INFO] [0mStarting Server on port 8008
2023-11-23 10:34:15.527423764[36m [INFO] [0mStarting Server on port 8008
2023-11-23 10:34:15.527807971[31m [FATA] [0mlisten tcp :8008: bind: address already in use
2023-11-23 10:35:29.782995909[36m [INFO] [0mStarting Server on port 8008
2023-11-23 10:35:32.996794255[36m [INFO] [0mStarting Server on port 8008
2023-11-23 10:35:33.217608688[36m [INFO] [0mStarting Server on port 8008
2023-11-23 10:35:33.217895969[31m [FATA] [0mlisten tcp :8008: bind: address already in use
2023-11-23 10:38:06.429763201[36m [INFO] [0mStarting Server on port 8008
2023-11-23 10:38:06.672838524[36m [INFO] [0mStarting Server on port 8008
2023-11-23 10:38:06.673065326[31m [FATA] [0mlisten tcp :8008: bind: address already in use
2023-11-23 10:38:10.482195011[36m [INFO] [0mStarting Server on port 8008
2023-11-23 10:38:11.613757469[36m [INFO] [0mStarting Server on port 8008
2023-11-23 10:38:11.614058071[31m [FATA] [0mlisten tcp :8008: bind: address already in use
2023-11-23 10:40:30.855507402[36m [INFO] [0mStarting Server on port 8008
2023-11-23 10:40:51.569805075[36m [INFO] [0m[32m/var/www/go-order-items/models/user.go:54
[0m[33m[0.853ms] [34;1m[rows:1][0m SELECT * FROM `users` WHERE id = 1 ORDER BY `users`.`id` LIMIT 1
2023-11-23 10:40:51.573719871[36m [INFO] [0m[32m/var/www/go-order-items/models/order.go:37
[0m[33m[3.699ms] [34;1m[rows:1][0m INSERT INTO `orders` (`invoice_id`,`user_id`,`item_id`,`quantity`,`delivery_status`,`created_at`,`Updated_at`) VALUES ('c59c3034-89ec-11ee-9519-0242c0010006',1,2,4,0,'2023-11-23 10:40:51.57','2023-11-23 10:40:51.57')
2023-11-23 10:42:39.627264635[36m [INFO] [0mStarting Server on port 8008
2023-11-23 10:42:39.633207651[36m [INFO] [0mStarting Server on port 8008
2023-11-23 10:42:39.633458874[31m [FATA] [0mlisten tcp :8008: bind: address already in use
2023-11-23 10:43:09.240435178[36m [INFO] [0mStarting Server on port 8008
2023-11-23 10:43:09.241299800[36m [INFO] [0mStarting Server on port 8008
2023-11-23 10:43:09.241569667[31m [FATA] [0mlisten tcp :8008: bind: address already in use
2023-11-23 10:44:01.321537302[36m [INFO] [0m[32m/var/www/go-order-items/models/order.go:45
[0m[33m[1.406ms] [34;1m[rows:0][0m SELECT * FROM `orders` WHERE user_id = 2
2023-11-23 10:46:42.266600678[36m [INFO] [0mStarting Server on port 8008
2023-11-23 10:46:42.270395390[36m [INFO] [0mStarting Server on port 8008
2023-11-23 10:46:42.270679047[31m [FATA] [0mlisten tcp :8008: bind: address already in use
2023-11-23 10:46:44.585385436[36m [INFO] [0mStarting Server on port 8008
2023-11-23 10:46:44.622902233[36m [INFO] [0mStarting Server on port 8008
2023-11-23 10:46:44.623158438[31m [FATA] [0mlisten tcp :8008: bind: address already in use
2023-11-23 10:46:52.083078341[36m [INFO] [0m[32m/var/www/go-order-items/models/order.go:45
[0m[33m[2.314ms] [34;1m[rows:0][0m SELECT * FROM `orders` WHERE user_id = 2
2023-11-23 10:46:59.225237331[36m [INFO] [0m[32m/var/www/go-order-items/models/order.go:45
[0m[33m[1.189ms] [34;1m[rows:2][0m SELECT * FROM `orders` WHERE user_id = 1
2023-11-23 10:49:20.286515675[36m [INFO] [0mStarting Server on port 8008
2023-11-23 10:49:44.074035179[36m [INFO] [0mStarting Server on port 8008
2023-11-23 10:50:12.805056443[36m [INFO] [0mStarting Server on port 8008
2023-11-23 10:52:05.988953648[36m [INFO] [0mStarting Server on port 8008
2023-11-23 10:52:06.220494328[36m [INFO] [0mStarting Server on port 8008
2023-11-23 10:52:06.220840209[31m [FATA] [0mlisten tcp :8008: bind: address already in use
2023-11-23 10:52:12.786338845[36m [INFO] [0mStarting Server on port 8008
2023-11-23 10:52:12.794095496[36m [INFO] [0mStarting Server on port 8008
2023-11-23 10:52:12.794346547[31m [FATA] [0mlisten tcp :8008: bind: address already in use
2023-11-23 10:53:36.226789143[36m [INFO] [0mStarting Server on port 8008
2023-11-23 10:53:36.251665304[36m [INFO] [0mStarting Server on port 8008
2023-11-23 10:53:36.251856175[31m [FATA] [0mlisten tcp :8008: bind: address already in use
2023-11-23 10:53:55.428126667[36m [INFO] [0mStarting Server on port 8008
2023-11-23 10:54:06.210582626[36m [INFO] [0m[32m/var/www/go-order-items/models/order.go:45
[0m[33m[0.763ms] [34;1m[rows:2][0m SELECT * FROM `orders` WHERE user_id = 1
2023-11-23 10:54:16.738620176[36m [INFO] [0mStarting Server on port 8008
2023-11-23 10:54:16.738658641[36m [INFO] [0mStarting Server on port 8008
2023-11-23 10:54:16.738887215[31m [FATA] [0mlisten tcp :8008: bind: address already in use
2023-11-23 10:54:36.533204603[36m [INFO] [0m[32m/var/www/go-order-items/models/order.go:45
[0m[33m[0.995ms] [34;1m[rows:2][0m SELECT * FROM `orders` WHERE user_id = 1
2023-11-23 10:54:41.590243183[36m [INFO] [0m[32m/var/www/go-order-items/models/order.go:45
[0m[33m[0.637ms] [34;1m[rows:2][0m SELECT * FROM `orders` WHERE user_id = 1
2023-11-23 10:56:37.612157916[36m [INFO] [0m[32m/var/www/go-order-items/models/order.go:53
[0m[33m[0.860ms] [34;1m[rows:1][0m SELECT * FROM `orders` WHERE invoice_id = 'd64cea7f-89e1-11ee-9656-0242c0010006' ORDER BY `orders`.`id` LIMIT 1
2023-11-23 10:58:19.624562193[36m [INFO] [0mStarting Server on port 8008
2023-11-23 10:58:19.649632205[36m [INFO] [0mStarting Server on port 8008
2023-11-23 10:58:19.649865378[31m [FATA] [0mlisten tcp :8008: bind: address already in use
2023-11-23 10:58:58.329282373[36m [INFO] [0mStarting Server on port 8008
2023-11-23 10:58:58.332217629[36m [INFO] [0mStarting Server on port 8008
2023-11-23 10:58:58.332416421[31m [FATA] [0mlisten tcp :8008: bind: address already in use
2023-11-23 11:01:08.954434419[36m [INFO] [0mStarting Server on port 8008
2023-11-23 11:01:52.237895476[36m [INFO] [0mStarting Server on port 8008
2023-11-23 11:07:08.151810500[36m [INFO] [0mStarting Server on port 8008
2023-11-23 11:07:08.151810454[36m [INFO] [0mStarting Server on port 8008
2023-11-23 11:07:08.152008248[31m [FATA] [0mlisten tcp :8008: listen: address already in use
2023-11-23 11:07:46.629784611[36m [INFO] [0mStarting Server on port 8008
2023-11-23 11:07:46.633139754[36m [INFO] [0mStarting Server on port 8008
2023-11-23 11:07:46.633466834[31m [FATA] [0mlisten tcp :8008: bind: address already in use
2023-11-23 11:10:40.436140561[36m [INFO] [0mStarting Server on port 8008
2023-11-23 11:10:43.377104876[36m [INFO] [0mStarting Server on port 8008
2023-11-23 11:11:07.922234270[36m [INFO] [0mStarting Server on port 8008
2023-11-23 11:11:08.149619263[36m [INFO] [0mStarting Server on port 8008
2023-11-23 11:11:08.150174228[31m [FATA] [0mlisten tcp :8008: bind: address already in use
2023-11-23 11:11:13.555386633[36m [INFO] [0mStarting Server on port 8008
2023-11-23 11:11:54.340951890[36m [INFO] [0mStarting Server on port 8008
2023-11-23 11:12:28.803979102[36m [INFO] [0mStarting Server on port 8008
2023-11-23 11:12:29.023320994[36m [INFO] [0mStarting Server on port 8008
2023-11-23 11:12:29.023708030[31m [FATA] [0mlisten tcp :8008: bind: address already in use
2023-11-23 11:12:33.101613543[36m [INFO] [0mStarting Server on port 8008
2023-11-23 11:12:33.277712528[36m [INFO] [0mStarting Server on port 8008
2023-11-23 11:12:33.278115542[31m [FATA] [0mlisten tcp :8008: bind: address already in use
2023-11-23 11:13:19.782782819[36m [INFO] [0mStarting Server on port 8008
2023-11-23 11:13:20.073037198[36m [INFO] [0mStarting Server on port 8008
2023-11-23 11:13:20.073641673[31m [FATA] [0mlisten tcp :8008: bind: address already in use
2023-11-23 11:13:42.247339985[36m [INFO] [0mStarting Server on port 8008
2023-11-23 11:13:42.572005237[36m [INFO] [0mStarting Server on port 8008
2023-11-23 11:13:42.572296008[31m [FATA] [0mlisten tcp :8008: bind: address already in use
2023-11-23 11:14:07.581085898[36m [INFO] [0mStarting Server on port 8008
2023-11-23 11:14:07.813052094[36m [INFO] [0mStarting Server on port 8008
2023-11-23 11:14:07.813337585[31m [FATA] [0mlisten tcp :8008: bind: address already in use
2023-11-23 11:14:20.502794432[36m [INFO] [0mStarting Server on port 8008
2023-11-23 11:14:20.759477110[36m [INFO] [0mStarting Server on port 8008
2023-11-23 11:14:20.759780004[31m [FATA] [0mlisten tcp :8008: bind: address already in use
2023-11-23 11:14:46.889974077[36m [INFO] [0mStarting Server on port 8008
2023-11-23 11:14:52.415095874[36m [INFO] [0mStarting Server on port 8008
2023-11-23 11:14:53.485434704[36m [INFO] [0mStarting Server on port 8008
2023-11-23 11:14:53.485766461[31m [FATA] [0mlisten tcp :8008: bind: address already in use
2023-11-23 11:15:48.954614408[36m [INFO] [0mStarting Server on port 8008
2023-11-23 11:16:10.113478545[36m [INFO] [0mStarting Server on port 8008
2023-11-23 11:16:10.306314495[36m [INFO] [0mStarting Server on port 8008
2023-11-23 11:16:10.306680354[31m [FATA] [0mlisten tcp :8008: bind: address already in use
2023-11-23 11:16:25.070252651[36m [INFO] [0mStarting Server on port 8008
2023-11-23 11:17:29.161355559[36m [INFO] [0mStarting Server on port 8008
2023-11-23 11:17:29.444135166[36m [INFO] [0mStarting Server on port 8008
2023-11-23 11:17:29.444381035[31m [FATA] [0mlisten tcp :8008: bind: address already in use
2023-11-23 11:17:38.366317938[36m [INFO] [0mStarting Server on port 8008
2023-11-23 11:17:38.568043196[36m [INFO] [0mStarting Server on port 8008
2023-11-23 11:17:38.568260448[31m [FATA] [0mlisten tcp :8008: bind: address already in use
2023-11-23 11:17:48.426433118[36m [INFO] [0mStarting Server on port 8008
2023-11-23 11:17:48.632419730[36m [INFO] [0mStarting Server on port 8008
2023-11-23 11:17:48.632706845[31m [FATA] [0mlisten tcp :8008: bind: address already in use
2023-11-23 11:18:14.598056891[36m [INFO] [0mStarting Server on port 8008
2023-11-23 11:18:14.849540732[36m [INFO] [0mStarting Server on port 8008
2023-11-23 11:18:14.849777580[31m [FATA] [0mlisten tcp :8008: bind: address already in use
2023-11-23 11:18:24.844659889[36m [INFO] [0mStarting Server on port 8008
2023-11-23 11:18:25.158642126[36m [INFO] [0mStarting Server on port 8008
2023-11-23 11:18:25.158977167[31m [FATA] [0mlisten tcp :8008: bind: address already in use
2023-11-23 11:18:51.596637702[36m [INFO] [0mStarting Server on port 8008
2023-11-23 11:18:51.926025342[36m [INFO] [0mStarting Server on port 8008
2023-11-23 11:18:51.926315400[31m [FATA] [0mlisten tcp :8008: bind: address already in use
2023-11-23 11:19:04.639990213[36m [INFO] [0mStarting Server on port 8008
2023-11-23 11:19:04.906256443[36m [INFO] [0mStarting Server on port 8008
2023-11-23 11:19:04.906475942[31m [FATA] [0mlisten tcp :8008: bind: address already in use
2023-11-23 11:19:25.795576166[36m [INFO] [0mStarting Server on port 8008
2023-11-23 11:19:26.098680173[36m [INFO] [0mStarting Server on port 8008
2023-11-23 11:19:26.098999970[31m [FATA] [0mlisten tcp :8008: bind: address already in use
2023-11-23 11:19:29.057935255[36m [INFO] [0mStarting Server on port 8008
2023-11-23 11:19:29.265397730[36m [INFO] [0mStarting Server on port 8008
2023-11-23 11:19:29.265594742[31m [FATA] [0mlisten tcp :8008: bind: address already in use
2023-11-23 11:20:06.546608297[36m [INFO] [0mStarting Server on port 8008
2023-11-23 11:20:06.887977879[36m [INFO] [0mStarting Server on port 8008
2023-11-23 11:20:06.888203620[31m [FATA] [0mlisten tcp :8008: bind: address already in use
2023-11-23 11:20:28.396902022[36m [INFO] [0mStarting Server on port 8008
2023-11-23 11:20:28.681148316[36m [INFO] [0mStarting Server on port 8008
2023-11-23 11:20:28.681440577[31m [FATA] [0mlisten tcp :8008: bind: address already in use
2023-11-23 11:20:32.942187404[36m [INFO] [0mStarting Server on port 8008
2023-11-23 11:20:33.981256724[36m [INFO] [0mStarting Server on port 8008
2023-11-23 11:20:33.981578178[31m [FATA] [0mlisten tcp :8008: bind: address already in use
2023-11-23 11:20:35.690707901[36m [INFO] [0mStarting Server on port 8008
2023-11-23 11:22:03.327476784[36m [INFO] [0mStarting Server on port 8008
2023-11-23 11:22:03.329889310[36m [INFO] [0mStarting Server on port 8008
2023-11-23 11:22:03.330119305[31m [FATA] [0mlisten tcp :8008: bind: address already in use
2023-11-23 11:22:56.451627089[36m [INFO] [0mStarting Server on port 8008
