2023-11-16 07:51:54.573097555[36m [INFO] [0mtesting 123
2023-11-16 07:51:54.578438590[36m [INFO] [0mStarting Server on port 8008
2023-11-16 07:52:37.285607421[36m [INFO] [0m[32m/var/www/go-order-items/models/user.go:43
[0m[33m[3.329ms] [34;1m[rows:1][0m SELECT * FROM `users` WHERE email = 'nanoohlaing@gmail.com' ORDER BY `users`.`id` LIMIT 1
2023-11-16 07:52:39.408890690[36m [INFO] [0m[32m/var/www/go-order-items/models/user.go:43
[0m[33m[0.709ms] [34;1m[rows:1][0m SELECT * FROM `users` WHERE email = 'nanoohlaing@gmail.com' ORDER BY `users`.`id` LIMIT 1
2023-11-16 07:52:40.824029266[36m [INFO] [0m[32m/var/www/go-order-items/models/user.go:43
[0m[33m[0.652ms] [34;1m[rows:1][0m SELECT * FROM `users` WHERE email = 'nanoohlaing@gmail.com' ORDER BY `users`.`id` LIMIT 1
2023-11-16 07:52:41.436222005[36m [INFO] [0m[32m/var/www/go-order-items/models/user.go:43
[0m[33m[0.634ms] [34;1m[rows:1][0m SELECT * FROM `users` WHERE email = 'nanoohlaing@gmail.com' ORDER BY `users`.`id` LIMIT 1
2023-11-16 07:52:41.657357272[36m [INFO] [0m[32m/var/www/go-order-items/models/user.go:43
[0m[33m[0.463ms] [34;1m[rows:1][0m SELECT * FROM `users` WHERE email = 'nanoohlaing@gmail.com' ORDER BY `users`.`id` LIMIT 1
2023-11-16 07:52:41.823586106[36m [INFO] [0m[32m/var/www/go-order-items/models/user.go:43
[0m[33m[0.654ms] [34;1m[rows:1][0m SELECT * FROM `users` WHERE email = 'nanoohlaing@gmail.com' ORDER BY `users`.`id` LIMIT 1
2023-11-16 07:52:41.978541833[36m [INFO] [0m[32m/var/www/go-order-items/models/user.go:43
[0m[33m[0.739ms] [34;1m[rows:1][0m SELECT * FROM `users` WHERE email = 'nanoohlaing@gmail.com' ORDER BY `users`.`id` LIMIT 1
2023-11-16 07:52:42.118234748[36m [INFO] [0m[32m/var/www/go-order-items/models/user.go:43
[0m[33m[0.551ms] [34;1m[rows:1][0m SELECT * FROM `users` WHERE email = 'nanoohlaing@gmail.com' ORDER BY `users`.`id` LIMIT 1
2023-11-16 07:52:42.281387376[36m [INFO] [0m[32m/var/www/go-order-items/models/user.go:43
[0m[33m[0.675ms] [34;1m[rows:1][0m SELECT * FROM `users` WHERE email = 'nanoohlaing@gmail.com' ORDER BY `users`.`id` LIMIT 1
2023-11-16 07:52:42.409368417[36m [INFO] [0m[32m/var/www/go-order-items/models/user.go:43
[0m[33m[0.874ms] [34;1m[rows:1][0m SELECT * FROM `users` WHERE email = 'nanoohlaing@gmail.com' ORDER BY `users`.`id` LIMIT 1
2023-11-16 07:52:42.581184416[36m [INFO] [0m[32m/var/www/go-order-items/models/user.go:43
[0m[33m[0.551ms] [34;1m[rows:1][0m SELECT * FROM `users` WHERE email = 'nanoohlaing@gmail.com' ORDER BY `users`.`id` LIMIT 1
2023-11-16 07:52:42.697461931[36m [INFO] [0m[32m/var/www/go-order-items/models/user.go:43
[0m[33m[0.581ms] [34;1m[rows:1][0m SELECT * FROM `users` WHERE email = 'nanoohlaing@gmail.com' ORDER BY `users`.`id` LIMIT 1
2023-11-16 07:52:42.824530396[36m [INFO] [0m[32m/var/www/go-order-items/models/user.go:43
[0m[33m[0.628ms] [34;1m[rows:1][0m SELECT * FROM `users` WHERE email = 'nanoohlaing@gmail.com' ORDER BY `users`.`id` LIMIT 1
2023-11-16 07:52:42.963149781[36m [INFO] [0m[32m/var/www/go-order-items/models/user.go:43
[0m[33m[0.683ms] [34;1m[rows:1][0m SELECT * FROM `users` WHERE email = 'nanoohlaing@gmail.com' ORDER BY `users`.`id` LIMIT 1
2023-11-16 07:52:43.099344821[36m [INFO] [0m[32m/var/www/go-order-items/models/user.go:43
[0m[33m[0.560ms] [34;1m[rows:1][0m SELECT * FROM `users` WHERE email = 'nanoohlaing@gmail.com' ORDER BY `users`.`id` LIMIT 1
2023-11-16 07:52:43.219355154[36m [INFO] [0m[32m/var/www/go-order-items/models/user.go:43
[0m[33m[0.422ms] [34;1m[rows:1][0m SELECT * FROM `users` WHERE email = 'nanoohlaing@gmail.com' ORDER BY `users`.`id` LIMIT 1
2023-11-16 07:52:43.367546971[36m [INFO] [0m[32m/var/www/go-order-items/models/user.go:43
[0m[33m[0.633ms] [34;1m[rows:1][0m SELECT * FROM `users` WHERE email = 'nanoohlaing@gmail.com' ORDER BY `users`.`id` LIMIT 1
2023-11-16 07:52:43.500648101[36m [INFO] [0m[32m/var/www/go-order-items/models/user.go:43
[0m[33m[0.734ms] [34;1m[rows:1][0m SELECT * FROM `users` WHERE email = 'nanoohlaing@gmail.com' ORDER BY `users`.`id` LIMIT 1
2023-11-16 07:52:43.676999174[36m [INFO] [0m[32m/var/www/go-order-items/models/user.go:43
[0m[33m[0.752ms] [34;1m[rows:1][0m SELECT * FROM `users` WHERE email = 'nanoohlaing@gmail.com' ORDER BY `users`.`id` LIMIT 1
2023-11-16 07:52:43.921353976[36m [INFO] [0m[32m/var/www/go-order-items/models/user.go:43
[0m[33m[0.598ms] [34;1m[rows:1][0m SELECT * FROM `users` WHERE email = 'nanoohlaing@gmail.com' ORDER BY `users`.`id` LIMIT 1
2023-11-16 07:52:44.070017949[36m [INFO] [0m[32m/var/www/go-order-items/models/user.go:43
[0m[33m[0.645ms] [34;1m[rows:1][0m SELECT * FROM `users` WHERE email = 'nanoohlaing@gmail.com' ORDER BY `users`.`id` LIMIT 1
2023-11-16 07:52:44.196352972[36m [INFO] [0m[32m/var/www/go-order-items/models/user.go:43
[0m[33m[0.559ms] [34;1m[rows:1][0m SELECT * FROM `users` WHERE email = 'nanoohlaing@gmail.com' ORDER BY `users`.`id` LIMIT 1
2023-11-16 07:52:44.335421149[36m [INFO] [0m[32m/var/www/go-order-items/models/user.go:43
[0m[33m[0.564ms] [34;1m[rows:1][0m SELECT * FROM `users` WHERE email = 'nanoohlaing@gmail.com' ORDER BY `users`.`id` LIMIT 1
2023-11-16 07:52:44.492543464[36m [INFO] [0m[32m/var/www/go-order-items/models/user.go:43
[0m[33m[0.923ms] [34;1m[rows:1][0m SELECT * FROM `users` WHERE email = 'nanoohlaing@gmail.com' ORDER BY `users`.`id` LIMIT 1
2023-11-16 07:52:44.626466593[36m [INFO] [0m[32m/var/www/go-order-items/models/user.go:43
[0m[33m[0.682ms] [34;1m[rows:1][0m SELECT * FROM `users` WHERE email = 'nanoohlaing@gmail.com' ORDER BY `users`.`id` LIMIT 1
2023-11-16 07:52:44.786948442[36m [INFO] [0m[32m/var/www/go-order-items/models/user.go:43
[0m[33m[0.622ms] [34;1m[rows:1][0m SELECT * FROM `users` WHERE email = 'nanoohlaing@gmail.com' ORDER BY `users`.`id` LIMIT 1
2023-11-16 07:52:44.920590609[36m [INFO] [0m[32m/var/www/go-order-items/models/user.go:43
[0m[33m[0.680ms] [34;1m[rows:1][0m SELECT * FROM `users` WHERE email = 'nanoohlaing@gmail.com' ORDER BY `users`.`id` LIMIT 1
2023-11-16 07:52:45.072085015[36m [INFO] [0m[32m/var/www/go-order-items/models/user.go:43
[0m[33m[0.708ms] [34;1m[rows:1][0m SELECT * FROM `users` WHERE email = 'nanoohlaing@gmail.com' ORDER BY `users`.`id` LIMIT 1
2023-11-16 07:52:45.200398356[36m [INFO] [0m[32m/var/www/go-order-items/models/user.go:43
[0m[33m[0.693ms] [34;1m[rows:1][0m SELECT * FROM `users` WHERE email = 'nanoohlaing@gmail.com' ORDER BY `users`.`id` LIMIT 1
2023-11-16 07:52:45.335123470[36m [INFO] [0m[32m/var/www/go-order-items/models/user.go:43
[0m[33m[1.361ms] [34;1m[rows:1][0m SELECT * FROM `users` WHERE email = 'nanoohlaing@gmail.com' ORDER BY `users`.`id` LIMIT 1
2023-11-16 07:52:45.479801149[36m [INFO] [0m[32m/var/www/go-order-items/models/user.go:43
[0m[33m[0.601ms] [34;1m[rows:1][0m SELECT * FROM `users` WHERE email = 'nanoohlaing@gmail.com' ORDER BY `users`.`id` LIMIT 1
2023-11-16 07:52:45.617727928[36m [INFO] [0m[32m/var/www/go-order-items/models/user.go:43
[0m[33m[0.782ms] [34;1m[rows:1][0m SELECT * FROM `users` WHERE email = 'nanoohlaing@gmail.com' ORDER BY `users`.`id` LIMIT 1
2023-11-16 07:52:45.769890972[36m [INFO] [0m[32m/var/www/go-order-items/models/user.go:43
[0m[33m[0.621ms] [34;1m[rows:1][0m SELECT * FROM `users` WHERE email = 'nanoohlaing@gmail.com' ORDER BY `users`.`id` LIMIT 1
2023-11-16 07:52:45.907099455[36m [INFO] [0m[32m/var/www/go-order-items/models/user.go:43
[0m[33m[0.650ms] [34;1m[rows:1][0m SELECT * FROM `users` WHERE email = 'nanoohlaing@gmail.com' ORDER BY `users`.`id` LIMIT 1
2023-11-16 07:52:46.063048096[36m [INFO] [0m[32m/var/www/go-order-items/models/user.go:43
[0m[33m[0.582ms] [34;1m[rows:1][0m SELECT * FROM `users` WHERE email = 'nanoohlaing@gmail.com' ORDER BY `users`.`id` LIMIT 1
2023-11-16 07:52:46.194601683[36m [INFO] [0m[32m/var/www/go-order-items/models/user.go:43
[0m[33m[0.675ms] [34;1m[rows:1][0m SELECT * FROM `users` WHERE email = 'nanoohlaing@gmail.com' ORDER BY `users`.`id` LIMIT 1
2023-11-16 07:52:46.319080477[36m [INFO] [0m[32m/var/www/go-order-items/models/user.go:43
[0m[33m[0.556ms] [34;1m[rows:1][0m SELECT * FROM `users` WHERE email = 'nanoohlaing@gmail.com' ORDER BY `users`.`id` LIMIT 1
2023-11-16 07:52:46.481275893[36m [INFO] [0m[32m/var/www/go-order-items/models/user.go:43
[0m[33m[0.591ms] [34;1m[rows:1][0m SELECT * FROM `users` WHERE email = 'nanoohlaing@gmail.com' ORDER BY `users`.`id` LIMIT 1
2023-11-16 07:52:46.603164719[36m [INFO] [0m[32m/var/www/go-order-items/models/user.go:43
[0m[33m[0.668ms] [34;1m[rows:1][0m SELECT * FROM `users` WHERE email = 'nanoohlaing@gmail.com' ORDER BY `users`.`id` LIMIT 1
2023-11-16 07:52:46.745422760[36m [INFO] [0m[32m/var/www/go-order-items/models/user.go:43
[0m[33m[0.641ms] [34;1m[rows:1][0m SELECT * FROM `users` WHERE email = 'nanoohlaing@gmail.com' ORDER BY `users`.`id` LIMIT 1
2023-11-16 07:52:46.907490443[36m [INFO] [0m[32m/var/www/go-order-items/models/user.go:43
[0m[33m[0.813ms] [34;1m[rows:1][0m SELECT * FROM `users` WHERE email = 'nanoohlaing@gmail.com' ORDER BY `users`.`id` LIMIT 1
2023-11-16 07:52:47.053781397[36m [INFO] [0m[32m/var/www/go-order-items/models/user.go:43
[0m[33m[0.542ms] [34;1m[rows:1][0m SELECT * FROM `users` WHERE email = 'nanoohlaing@gmail.com' ORDER BY `users`.`id` LIMIT 1
2023-11-16 07:52:47.230610513[36m [INFO] [0m[32m/var/www/go-order-items/models/user.go:43
[0m[33m[0.591ms] [34;1m[rows:1][0m SELECT * FROM `users` WHERE email = 'nanoohlaing@gmail.com' ORDER BY `users`.`id` LIMIT 1
2023-11-16 07:52:47.352767711[36m [INFO] [0m[32m/var/www/go-order-items/models/user.go:43
[0m[33m[0.582ms] [34;1m[rows:1][0m SELECT * FROM `users` WHERE email = 'nanoohlaing@gmail.com' ORDER BY `users`.`id` LIMIT 1
2023-11-16 07:52:47.684027490[36m [INFO] [0m[32m/var/www/go-order-items/models/user.go:43
[0m[33m[0.780ms] [34;1m[rows:1][0m SELECT * FROM `users` WHERE email = 'nanoohlaing@gmail.com' ORDER BY `users`.`id` LIMIT 1
2023-11-16 07:52:47.800555457[36m [INFO] [0m[32m/var/www/go-order-items/models/user.go:43
[0m[33m[0.600ms] [34;1m[rows:1][0m SELECT * FROM `users` WHERE email = 'nanoohlaing@gmail.com' ORDER BY `users`.`id` LIMIT 1
2023-11-16 07:52:48.102334513[36m [INFO] [0m[32m/var/www/go-order-items/models/user.go:43
[0m[33m[0.588ms] [34;1m[rows:1][0m SELECT * FROM `users` WHERE email = 'nanoohlaing@gmail.com' ORDER BY `users`.`id` LIMIT 1
2023-11-16 07:52:48.234658542[36m [INFO] [0m[32m/var/www/go-order-items/models/user.go:43
[0m[33m[0.579ms] [34;1m[rows:1][0m SELECT * FROM `users` WHERE email = 'nanoohlaing@gmail.com' ORDER BY `users`.`id` LIMIT 1
2023-11-16 07:52:48.400194848[36m [INFO] [0m[32m/var/www/go-order-items/models/user.go:43
[0m[33m[0.583ms] [34;1m[rows:1][0m SELECT * FROM `users` WHERE email = 'nanoohlaing@gmail.com' ORDER BY `users`.`id` LIMIT 1
2023-11-16 07:52:48.536554603[36m [INFO] [0m[32m/var/www/go-order-items/models/user.go:43
[0m[33m[0.574ms] [34;1m[rows:1][0m SELECT * FROM `users` WHERE email = 'nanoohlaing@gmail.com' ORDER BY `users`.`id` LIMIT 1
2023-11-16 07:52:48.693648349[36m [INFO] [0m[32m/var/www/go-order-items/models/user.go:43
[0m[33m[0.748ms] [34;1m[rows:1][0m SELECT * FROM `users` WHERE email = 'nanoohlaing@gmail.com' ORDER BY `users`.`id` LIMIT 1
2023-11-16 07:52:48.837601697[36m [INFO] [0m[32m/var/www/go-order-items/models/user.go:43
[0m[33m[0.595ms] [34;1m[rows:1][0m SELECT * FROM `users` WHERE email = 'nanoohlaing@gmail.com' ORDER BY `users`.`id` LIMIT 1
2023-11-16 07:52:48.986116697[36m [INFO] [0m[32m/var/www/go-order-items/models/user.go:43
[0m[33m[0.679ms] [34;1m[rows:1][0m SELECT * FROM `users` WHERE email = 'nanoohlaing@gmail.com' ORDER BY `users`.`id` LIMIT 1
2023-11-16 07:52:49.116286628[36m [INFO] [0m[32m/var/www/go-order-items/models/user.go:43
[0m[33m[0.731ms] [34;1m[rows:1][0m SELECT * FROM `users` WHERE email = 'nanoohlaing@gmail.com' ORDER BY `users`.`id` LIMIT 1
2023-11-16 07:52:49.296915115[36m [INFO] [0m[32m/var/www/go-order-items/models/user.go:43
[0m[33m[0.542ms] [34;1m[rows:1][0m SELECT * FROM `users` WHERE email = 'nanoohlaing@gmail.com' ORDER BY `users`.`id` LIMIT 1
2023-11-16 07:52:49.413188242[36m [INFO] [0m[32m/var/www/go-order-items/models/user.go:43
[0m[33m[0.671ms] [34;1m[rows:1][0m SELECT * FROM `users` WHERE email = 'nanoohlaing@gmail.com' ORDER BY `users`.`id` LIMIT 1
2023-11-16 07:52:49.582494539[36m [INFO] [0m[32m/var/www/go-order-items/models/user.go:43
[0m[33m[0.538ms] [34;1m[rows:1][0m SELECT * FROM `users` WHERE email = 'nanoohlaing@gmail.com' ORDER BY `users`.`id` LIMIT 1
2023-11-16 07:52:49.713953505[36m [INFO] [0m[32m/var/www/go-order-items/models/user.go:43
[0m[33m[0.627ms] [34;1m[rows:1][0m SELECT * FROM `users` WHERE email = 'nanoohlaing@gmail.com' ORDER BY `users`.`id` LIMIT 1
2023-11-16 07:52:49.853352507[36m [INFO] [0m[32m/var/www/go-order-items/models/user.go:43
[0m[33m[0.619ms] [34;1m[rows:1][0m SELECT * FROM `users` WHERE email = 'nanoohlaing@gmail.com' ORDER BY `users`.`id` LIMIT 1
2023-11-16 07:52:49.997350455[36m [INFO] [0m[32m/var/www/go-order-items/models/user.go:43
[0m[33m[0.926ms] [34;1m[rows:1][0m SELECT * FROM `users` WHERE email = 'nanoohlaing@gmail.com' ORDER BY `users`.`id` LIMIT 1
2023-11-16 07:52:50.137555112[36m [INFO] [0m[32m/var/www/go-order-items/models/user.go:43
[0m[33m[0.683ms] [34;1m[rows:1][0m SELECT * FROM `users` WHERE email = 'nanoohlaing@gmail.com' ORDER BY `users`.`id` LIMIT 1
2023-11-16 07:52:50.329680272[36m [INFO] [0m[32m/var/www/go-order-items/models/user.go:43
[0m[33m[0.728ms] [34;1m[rows:1][0m SELECT * FROM `users` WHERE email = 'nanoohlaing@gmail.com' ORDER BY `users`.`id` LIMIT 1
2023-11-16 07:52:50.443083524[36m [INFO] [0m[32m/var/www/go-order-items/models/user.go:43
[0m[33m[0.697ms] [34;1m[rows:1][0m SELECT * FROM `users` WHERE email = 'nanoohlaing@gmail.com' ORDER BY `users`.`id` LIMIT 1
2023-11-16 07:52:50.586319290[36m [INFO] [0m[32m/var/www/go-order-items/models/user.go:43
[0m[33m[0.675ms] [34;1m[rows:1][0m SELECT * FROM `users` WHERE email = 'nanoohlaing@gmail.com' ORDER BY `users`.`id` LIMIT 1
2023-11-16 07:52:50.762483570[36m [INFO] [0m[32m/var/www/go-order-items/models/user.go:43
[0m[33m[0.582ms] [34;1m[rows:1][0m SELECT * FROM `users` WHERE email = 'nanoohlaing@gmail.com' ORDER BY `users`.`id` LIMIT 1
2023-11-16 07:52:50.891538115[36m [INFO] [0m[32m/var/www/go-order-items/models/user.go:43
[0m[33m[0.660ms] [34;1m[rows:1][0m SELECT * FROM `users` WHERE email = 'nanoohlaing@gmail.com' ORDER BY `users`.`id` LIMIT 1
2023-11-16 07:52:51.040086259[36m [INFO] [0m[32m/var/www/go-order-items/models/user.go:43
[0m[33m[0.813ms] [34;1m[rows:1][0m SELECT * FROM `users` WHERE email = 'nanoohlaing@gmail.com' ORDER BY `users`.`id` LIMIT 1
2023-11-16 07:52:51.182622605[36m [INFO] [0m[32m/var/www/go-order-items/models/user.go:43
[0m[33m[0.689ms] [34;1m[rows:1][0m SELECT * FROM `users` WHERE email = 'nanoohlaing@gmail.com' ORDER BY `users`.`id` LIMIT 1
2023-11-16 07:52:51.335148946[36m [INFO] [0m[32m/var/www/go-order-items/models/user.go:43
[0m[33m[0.677ms] [34;1m[rows:1][0m SELECT * FROM `users` WHERE email = 'nanoohlaing@gmail.com' ORDER BY `users`.`id` LIMIT 1
2023-11-16 07:52:51.501022256[36m [INFO] [0m[32m/var/www/go-order-items/models/user.go:43
[0m[33m[0.695ms] [34;1m[rows:1][0m SELECT * FROM `users` WHERE email = 'nanoohlaing@gmail.com' ORDER BY `users`.`id` LIMIT 1
2023-11-16 07:52:51.626305834[36m [INFO] [0m[32m/var/www/go-order-items/models/user.go:43
[0m[33m[0.723ms] [34;1m[rows:1][0m SELECT * FROM `users` WHERE email = 'nanoohlaing@gmail.com' ORDER BY `users`.`id` LIMIT 1
2023-11-16 07:52:51.780102861[36m [INFO] [0m[32m/var/www/go-order-items/models/user.go:43
[0m[33m[0.638ms] [34;1m[rows:1][0m SELECT * FROM `users` WHERE email = 'nanoohlaing@gmail.com' ORDER BY `users`.`id` LIMIT 1
2023-11-16 07:52:51.963280161[36m [INFO] [0m[32m/var/www/go-order-items/models/user.go:43
[0m[33m[0.643ms] [34;1m[rows:1][0m SELECT * FROM `users` WHERE email = 'nanoohlaing@gmail.com' ORDER BY `users`.`id` LIMIT 1
2023-11-16 07:52:52.088685006[36m [INFO] [0m[32m/var/www/go-order-items/models/user.go:43
[0m[33m[0.666ms] [34;1m[rows:1][0m SELECT * FROM `users` WHERE email = 'nanoohlaing@gmail.com' ORDER BY `users`.`id` LIMIT 1
2023-11-16 07:52:52.234595008[36m [INFO] [0m[32m/var/www/go-order-items/models/user.go:43
[0m[33m[0.567ms] [34;1m[rows:1][0m SELECT * FROM `users` WHERE email = 'nanoohlaing@gmail.com' ORDER BY `users`.`id` LIMIT 1
2023-11-16 07:52:52.380660100[36m [INFO] [0m[32m/var/www/go-order-items/models/user.go:43
[0m[33m[0.637ms] [34;1m[rows:1][0m SELECT * FROM `users` WHERE email = 'nanoohlaing@gmail.com' ORDER BY `users`.`id` LIMIT 1
2023-11-16 07:52:52.531759887[36m [INFO] [0m[32m/var/www/go-order-items/models/user.go:43
[0m[33m[0.547ms] [34;1m[rows:1][0m SELECT * FROM `users` WHERE email = 'nanoohlaing@gmail.com' ORDER BY `users`.`id` LIMIT 1
2023-11-16 07:52:52.649949073[36m [INFO] [0m[32m/var/www/go-order-items/models/user.go:43
[0m[33m[0.548ms] [34;1m[rows:1][0m SELECT * FROM `users` WHERE email = 'nanoohlaing@gmail.com' ORDER BY `users`.`id` LIMIT 1
2023-11-16 07:52:52.819716869[36m [INFO] [0m[32m/var/www/go-order-items/models/user.go:43
[0m[33m[0.543ms] [34;1m[rows:1][0m SELECT * FROM `users` WHERE email = 'nanoohlaing@gmail.com' ORDER BY `users`.`id` LIMIT 1
2023-11-16 07:52:52.942039951[36m [INFO] [0m[32m/var/www/go-order-items/models/user.go:43
[0m[33m[0.583ms] [34;1m[rows:1][0m SELECT * FROM `users` WHERE email = 'nanoohlaing@gmail.com' ORDER BY `users`.`id` LIMIT 1
2023-11-16 07:52:53.090463811[36m [INFO] [0m[32m/var/www/go-order-items/models/user.go:43
[0m[33m[0.594ms] [34;1m[rows:1][0m SELECT * FROM `users` WHERE email = 'nanoohlaing@gmail.com' ORDER BY `users`.`id` LIMIT 1
2023-11-16 07:52:53.251246227[36m [INFO] [0m[32m/var/www/go-order-items/models/user.go:43
[0m[33m[0.559ms] [34;1m[rows:1][0m SELECT * FROM `users` WHERE email = 'nanoohlaing@gmail.com' ORDER BY `users`.`id` LIMIT 1
2023-11-16 07:52:53.414308768[36m [INFO] [0m[32m/var/www/go-order-items/models/user.go:43
[0m[33m[0.654ms] [34;1m[rows:1][0m SELECT * FROM `users` WHERE email = 'nanoohlaing@gmail.com' ORDER BY `users`.`id` LIMIT 1
2023-11-16 07:52:53.579645919[36m [INFO] [0m[32m/var/www/go-order-items/models/user.go:43
[0m[33m[0.659ms] [34;1m[rows:1][0m SELECT * FROM `users` WHERE email = 'nanoohlaing@gmail.com' ORDER BY `users`.`id` LIMIT 1
2023-11-16 07:52:53.701874744[36m [INFO] [0m[32m/var/www/go-order-items/models/user.go:43
[0m[33m[0.569ms] [34;1m[rows:1][0m SELECT * FROM `users` WHERE email = 'nanoohlaing@gmail.com' ORDER BY `users`.`id` LIMIT 1
2023-11-16 07:52:53.861955079[36m [INFO] [0m[32m/var/www/go-order-items/models/user.go:43
[0m[33m[0.633ms] [34;1m[rows:1][0m SELECT * FROM `users` WHERE email = 'nanoohlaing@gmail.com' ORDER BY `users`.`id` LIMIT 1
2023-11-16 07:52:54.017659057[36m [INFO] [0m[32m/var/www/go-order-items/models/user.go:43
[0m[33m[0.663ms] [34;1m[rows:1][0m SELECT * FROM `users` WHERE email = 'nanoohlaing@gmail.com' ORDER BY `users`.`id` LIMIT 1
2023-11-16 07:52:54.179189677[36m [INFO] [0m[32m/var/www/go-order-items/models/user.go:43
[0m[33m[0.566ms] [34;1m[rows:1][0m SELECT * FROM `users` WHERE email = 'nanoohlaing@gmail.com' ORDER BY `users`.`id` LIMIT 1
2023-11-16 07:52:54.337482154[36m [INFO] [0m[32m/var/www/go-order-items/models/user.go:43
[0m[33m[0.711ms] [34;1m[rows:1][0m SELECT * FROM `users` WHERE email = 'nanoohlaing@gmail.com' ORDER BY `users`.`id` LIMIT 1
2023-11-16 07:52:54.490500368[36m [INFO] [0m[32m/var/www/go-order-items/models/user.go:43
[0m[33m[0.668ms] [34;1m[rows:1][0m SELECT * FROM `users` WHERE email = 'nanoohlaing@gmail.com' ORDER BY `users`.`id` LIMIT 1
2023-11-16 07:52:54.657360818[36m [INFO] [0m[32m/var/www/go-order-items/models/user.go:43
[0m[33m[0.776ms] [34;1m[rows:1][0m SELECT * FROM `users` WHERE email = 'nanoohlaing@gmail.com' ORDER BY `users`.`id` LIMIT 1
2023-11-16 07:52:54.950039162[36m [INFO] [0m[32m/var/www/go-order-items/models/user.go:43
[0m[33m[0.629ms] [34;1m[rows:1][0m SELECT * FROM `users` WHERE email = 'nanoohlaing@gmail.com' ORDER BY `users`.`id` LIMIT 1
2023-11-16 07:52:55.113879330[36m [INFO] [0m[32m/var/www/go-order-items/models/user.go:43
[0m[33m[0.609ms] [34;1m[rows:1][0m SELECT * FROM `users` WHERE email = 'nanoohlaing@gmail.com' ORDER BY `users`.`id` LIMIT 1
2023-11-16 07:52:55.265334390[36m [INFO] [0m[32m/var/www/go-order-items/models/user.go:43
[0m[33m[0.662ms] [34;1m[rows:1][0m SELECT * FROM `users` WHERE email = 'nanoohlaing@gmail.com' ORDER BY `users`.`id` LIMIT 1
2023-11-16 07:52:55.395988213[36m [INFO] [0m[32m/var/www/go-order-items/models/user.go:43
[0m[33m[0.612ms] [34;1m[rows:1][0m SELECT * FROM `users` WHERE email = 'nanoohlaing@gmail.com' ORDER BY `users`.`id` LIMIT 1
2023-11-16 07:52:55.596846010[36m [INFO] [0m[32m/var/www/go-order-items/models/user.go:43
[0m[33m[0.727ms] [34;1m[rows:1][0m SELECT * FROM `users` WHERE email = 'nanoohlaing@gmail.com' ORDER BY `users`.`id` LIMIT 1
2023-11-16 07:52:55.716621662[36m [INFO] [0m[32m/var/www/go-order-items/models/user.go:43
[0m[33m[0.755ms] [34;1m[rows:1][0m SELECT * FROM `users` WHERE email = 'nanoohlaing@gmail.com' ORDER BY `users`.`id` LIMIT 1
2023-11-16 07:52:55.878432976[36m [INFO] [0m[32m/var/www/go-order-items/models/user.go:43
[0m[33m[0.706ms] [34;1m[rows:1][0m SELECT * FROM `users` WHERE email = 'nanoohlaing@gmail.com' ORDER BY `users`.`id` LIMIT 1
2023-11-16 07:52:56.040895742[36m [INFO] [0m[32m/var/www/go-order-items/models/user.go:43
[0m[33m[0.665ms] [34;1m[rows:1][0m SELECT * FROM `users` WHERE email = 'nanoohlaing@gmail.com' ORDER BY `users`.`id` LIMIT 1
2023-11-16 07:52:56.192997773[36m [INFO] [0m[32m/var/www/go-order-items/models/user.go:43
[0m[33m[0.577ms] [34;1m[rows:1][0m SELECT * FROM `users` WHERE email = 'nanoohlaing@gmail.com' ORDER BY `users`.`id` LIMIT 1
2023-11-16 07:52:56.383292044[36m [INFO] [0m[32m/var/www/go-order-items/models/user.go:43
[0m[33m[0.726ms] [34;1m[rows:1][0m SELECT * FROM `users` WHERE email = 'nanoohlaing@gmail.com' ORDER BY `users`.`id` LIMIT 1
2023-11-16 07:52:56.514012911[36m [INFO] [0m[32m/var/www/go-order-items/models/user.go:43
[0m[33m[0.576ms] [34;1m[rows:1][0m SELECT * FROM `users` WHERE email = 'nanoohlaing@gmail.com' ORDER BY `users`.`id` LIMIT 1
2023-11-16 07:52:56.657302583[36m [INFO] [0m[32m/var/www/go-order-items/models/user.go:43
[0m[33m[0.646ms] [34;1m[rows:1][0m SELECT * FROM `users` WHERE email = 'nanoohlaing@gmail.com' ORDER BY `users`.`id` LIMIT 1
2023-11-16 07:52:56.847052374[36m [INFO] [0m[32m/var/www/go-order-items/models/user.go:43
[0m[33m[0.705ms] [34;1m[rows:1][0m SELECT * FROM `users` WHERE email = 'nanoohlaing@gmail.com' ORDER BY `users`.`id` LIMIT 1
2023-11-16 07:52:58.027684515[36m [INFO] [0m[32m/var/www/go-order-items/models/user.go:43
[0m[33m[0.634ms] [34;1m[rows:1][0m SELECT * FROM `users` WHERE email = 'nanoohlaing@gmail.com' ORDER BY `users`.`id` LIMIT 1
2023-11-16 07:52:58.210684388[36m [INFO] [0m[32m/var/www/go-order-items/models/user.go:43
[0m[33m[0.554ms] [34;1m[rows:1][0m SELECT * FROM `users` WHERE email = 'nanoohlaing@gmail.com' ORDER BY `users`.`id` LIMIT 1
2023-11-16 07:52:58.431412221[36m [INFO] [0m[32m/var/www/go-order-items/models/user.go:43
[0m[33m[0.680ms] [34;1m[rows:1][0m SELECT * FROM `users` WHERE email = 'nanoohlaing@gmail.com' ORDER BY `users`.`id` LIMIT 1
2023-11-16 07:52:58.619906520[36m [INFO] [0m[32m/var/www/go-order-items/models/user.go:43
[0m[33m[0.661ms] [34;1m[rows:1][0m SELECT * FROM `users` WHERE email = 'nanoohlaing@gmail.com' ORDER BY `users`.`id` LIMIT 1
2023-11-16 07:52:58.883009305[36m [INFO] [0m[32m/var/www/go-order-items/models/user.go:43
[0m[33m[0.607ms] [34;1m[rows:1][0m SELECT * FROM `users` WHERE email = 'nanoohlaing@gmail.com' ORDER BY `users`.`id` LIMIT 1
2023-11-16 07:55:07.237702951[36m [INFO] [0m[31;1m/var/www/go-order-items/models/user.go:43 [35;1mrecord not found
[0m[33m[0.751ms] [34;1m[rows:0][0m SELECT * FROM `users` WHERE email = 'thidakyaw@gmail.com' ORDER BY `users`.`id` LIMIT 1
2023-11-16 07:55:07.558491054[36m [INFO] [0m[32m/var/www/go-order-items/models/user.go:35
[0m[33m[2.847ms] [34;1m[rows:1][0m INSERT INTO `users` (`name`,`email`,`password`,`address`,`status`,`token`,`refresh_token`,`created_at`,`updated_at`) VALUES ('thidar kyaw','thidakyaw@gmail.com','$2a$12$SIparYKpMZ14.2lxdrzQMeTD5ZSFwemBpMi2HqT1Wf5TmvUGKJjdm','yangon myanmar',0,'eyJhbGciOiJIUzI1NiIsInR5cCI6IkpXVCJ9.eyJlbWFpbCI6InRoaWRha3lhd0BnbWFpbC5jb20iLCJleHAiOjE3MDA3MjYxMDd9.FfQmxjlMQm5YXAWzZsg2bQknOjCKjIpzKMHWTO5ekMM','mcNisUG20rV1CA==','2023-11-16 07:55:07.556','2023-11-16 07:55:07.556')
